[main] Please speak a command
[main] Recognizing...
[record] Recording
[record] Finished recording
[speech] Not found
[main] Recognizing...
[record] Recording
[record] Finished recording
[speech] Not found
[main] Recognizing...
[record] Recording
[record] Finished recording
[speech] Not found
[main] Recognizing...
[record] Recording
[record] Finished recording
[speech] Found: go
[main] Result: go
[main] Command found: GO
[main] Please speak a command
[main] Recognizing...
[record] Recording
[record] Finished recording
[speech] Not found
[main] Recognizing...
[record] Recording
[record] Finished recording
[speech] Not found
[main] Recognizing...
[record] Recording
[record] Finished recording
[speech] Found: right
[main] Result: right
[main] Command found: RIGHT
[main] Please speak a command
[main] Recognizing...
[record] Recording
[record] Finished recording
[speech] Not found
[main] Recognizing...
[record] Recording
[record] Finished recording
[speech] Not found
[main] Recognizing...
[record] Recording
[record] Finished recording
[speech] Found: back
[main] Result: back
[main] Command found: BACK
[main] Please speak a command
[main] Recognizing...
[record] Recording
[record] Finished recording
[speech] Not found
[main] Recognizing...
[record] Recording
[record] Finished recording
[speech] Not found
[main] Recognizing...
[record] Recording
[record] Finished recording
[speech] Found: left
[main] Result: left
[main] Command found: LEFT
[main] Please speak a command
[main] Recognizing...
[record] Recording
[record] Finished recording
[speech] Not found
[main] Recognizing...
[record] Recording
[record] Finished recording
[speech] Not found
[main] Recognizing...
[record] Recording
[record] Finished recording
[speech] Not found
[main] Recognizing...
[record] Recording
[record] Finished recording
[speech] Found: go
[main] Result: go
[main] Command found: GO
[main] Please speak a command
[main] Recognizing...
[record] Recording
[record] Finished recording
[speech] Not found
[main] Recognizing...
[record] Recording
[record] Finished recording
[speech] Not found
[main] Recognizing...
[record] Recording
[record] Finished recording
[speech] Not found
[main] Recognizing...
[record] Recording
[record] Finished recording
[speech] Not found
[main] Recognizing...
[record] Recording
[record] Finished recording
[speech] Not found
[main] Recognizing...
[record] Recording
[record] Finished recording
[speech] Not found
[main] Recognizing...
[record] Recording
[record] Finished recording
[speech] Not found
[main] Recognizing...
[record] Recording
[record] Finished recording
[speech] Found: Drake
[main] Result: Drake
[main] Please speak a command
[main] Recognizing...
[record] Recording
[record] Finished recording
[speech] Not found
[main] Recognizing...
[record] Recording
[record] Finished recording
[speech] Found: Jay
[main] Result: Jay
[main] Please speak a command
[main] Recognizing...
[record] Recording
[record] Finished recording
[speech] Found: left
[main] Result: left
[main] Command found: LEFT
[main] Please speak a command
[main] Recognizing...
[record] Recording
[record] Finished recording
[speech] Not found
[main] Recognizing...
[record] Recording
[record] Finished recording
[speech] Found: look
[main] Result: look
[main] Command found: LOOK
[main] Please speak a command
[main] Recognizing...
[record] Recording
[record] Finished recording
[speech] Not found
[main] Recognizing...
[record] Recording
[record] Finished recording
[speech] Not found
[main] Recognizing...
[record] Recording
[record] Finished recording
[speech] Not found
[main] Recognizing...
[record] Recording
[record] Finished recording
[speech] Found: left
[main] Result: left
[main] Command found: LEFT
[main] Please speak a command
[main] Recognizing...
[record] Recording
[record] Finished recording
[speech] Not found
[main] Recognizing...
[record] Recording
[record] Finished recording
[speech] Not found
[main] Recognizing...
[record] Recording
[record] Finished recording
[speech] Found: hello
[main] Result: hello
[main] Please speak a command
[main] Recognizing...
[record] Recording
[record] Finished recording
[speech] Not found
[main] Recognizing...
[record] Recording
[record] Finished recording
[speech] Not found
[main] Recognizing...
[record] Recording
[record] Finished recording
[speech] Found: quit
[main] Result: quit
[main] Command found: QUIT
