LOOK
DONE
LOOK
LOOK
DONE
NEW
DONE
GO
DONE
GO
DONE
LEFT
DONE
LEFT
DONE
GO
DONE
LEFT
DONE
LOOK
DONE
LOOK
DONE
LEFT
DONE
LEFT
DONE
LOOK
DONE
LOOK
DONE
LOOK
DONE
LOOK
DONE
LEFT
DONE
LEFT
DONE
LOOK
DONE
NEW
GO
DONE
GO
DONE
GO
DONE
LEFT
DONE
LEFT
DONE
LEFT
DONE
GO
DONE
LOOK
DONE
GOOD
DONE
LOOK
DONE
GOOD
DONE
LEFT
DONE
LEFT
DONE
LEFT
DONE
NEW
DONE
NEW
DONE
NEW
GO
DONE
GO
DONE
GO
DONE
LEFT
DONE
LEFT
DONE
LEFT
DONE
LOOK
DONE
GOOD
DONE
LOOK
DONE
GOOD
DONE
LEFT
DONE
LEFT
DONE
LEFT
DONE
NEW
GO
DONE
GO
DONE
LEFT
DONE
LEFT
DONE
LOOK
DONE
LOOK
DONE
NEW
DONE
GO
DONE
LEFT
DONE
LOOK
DONE
GOOD
DONE
LEFT
DONE
LEFT
DONE
LOOK
DONE
GOOD
DONE
NEW
DONE
HELLO
DONE
HELLO
DONE
QUIT
DONE
YAY
YAY
QUIT
DONE
YAY
QUIT
DONE
YAY
QUIT
DONE
YAY
YAY
YAY
YAY
YAY
QUIT
DONE
YAY
QUIT
DONE
YAY
NEW
DONE
NEW
DONE
NEW
DONE
GO
DONE
RIGHT
DONE
GO
DONE
GO
DONE
LEFT
DONE
LEFT
DONE
GO
DONE
LEFT
DONE
LOOK
DONE
LOOK
DONE
NEW
DONE
NEW
DONE
NEW
DONE
MOUSE
DONE
LOOK
DONE
LOOK
DONE
RIGHT
DONE
GO
DONE
LEFT
DONE
GO
DONE
QUIT
DONE
