[main] Please speak a command
[main] Recognizing...
[record] Recording
[record] Finished recording
[speech] Not found
[main] Recognizing...
[record] Recording
[record] Finished recording
[speech] Not found
[main] Recognizing...
[record] Recording
[record] Finished recording
[speech] Not found
[main] Recognizing...
[record] Recording
[record] Finished recording
[speech] Not found
[main] Recognizing...
[record] Recording
[record] Finished recording
[speech] Not found
[main] Recognizing...
[record] Recording
[record] Finished recording
[speech] Not found
[main] Recognizing...
[record] Recording
[record] Finished recording
[speech] Not found
[main] Recognizing...
[record] Recording
[record] Finished recording
[speech] Not found
[main] Recognizing...
[record] Recording
[record] Finished recording
[speech] Not found
[main] Recognizing...
[record] Recording
[record] Finished recording
[speech] Not found
[main] Recognizing...
[record] Recording
[record] Finished recording
[speech] Not found
[main] Recognizing...
[record] Recording
[record] Finished recording
[speech] Not found
[main] Recognizing...
[record] Recording
[record] Finished recording
[speech] Not found
[main] Recognizing...
[record] Recording
[record] Finished recording
[speech] Not found
[main] Recognizing...
[record] Recording
[record] Finished recording
[speech] Not found
[main] Recognizing...
[record] Recording
[record] Finished recording
[speech] Not found
[main] Recognizing...
[record] Recording
[record] Finished recording
[speech] Not found
[main] Recognizing...
[record] Recording
[record] Finished recording
[speech] Not found
[main] Recognizing...
[record] Recording
[record] Finished recording
[speech] Not found
[main] Recognizing...
[record] Recording
[record] Finished recording
[speech] Not found
[main] Recognizing...
[record] Recording
[record] Finished recording
[speech] Not found
[main] Recognizing...
[record] Recording
[record] Finished recording
[speech] Not found
[main] Recognizing...
[record] Recording
[record] Finished recording
[speech] Not found
[main] Recognizing...
[record] Recording
[record] Finished recording
[speech] Not found
[main] Recognizing...
[record] Recording
[record] Finished recording
[speech] Not found
[main] Recognizing...
[record] Recording
[record] Finished recording
[speech] Not found
[main] Recognizing...
[record] Recording
[record] Finished recording
[speech] Not found
[main] Recognizing...
[record] Recording
[record] Finished recording
[speech] Not found
[main] Recognizing...
[record] Recording
[record] Finished recording
[speech] Not found
[main] Recognizing...
[record] Recording
[record] Finished recording
[speech] Not found
[main] Recognizing...
[record] Recording
[record] Finished recording
[speech] Not found
[main] Recognizing...
[record] Recording
[record] Finished recording
[speech] Not found
[main] Recognizing...
[record] Recording
[record] Finished recording
[speech] Not found
[main] Recognizing...
[record] Recording
[record] Finished recording
[speech] Not found
[main] Recognizing...
[record] Recording
[record] Finished recording
[speech] Not found
[main] Recognizing...
[record] Recording
[record] Finished recording
[speech] Not found
[main] Recognizing...
[record] Recording
[record] Finished recording
[speech] Not found
[main] Recognizing...
[record] Recording
[record] Finished recording
[speech] Not found
[main] Recognizing...
[record] Recording
[record] Finished recording
[speech] Not found
[main] Recognizing...
[record] Recording
[record] Finished recording
[speech] Not found
[main] Recognizing...
[record] Recording
[record] Finished recording
[speech] Not found
[main] Recognizing...
[record] Recording
[record] Finished recording
[speech] Not found
[main] Recognizing...
[record] Recording
[record] Finished recording
[speech] Not found
[main] Recognizing...
[record] Recording
[record] Finished recording
[speech] Not found
[main] Recognizing...
[record] Recording
[record] Finished recording
[speech] Not found
[main] Recognizing...
[record] Recording
[record] Finished recording
[speech] Not found
[main] Recognizing...
[record] Recording
[record] Finished recording
[speech] Not found
[main] Recognizing...
[record] Recording
[record] Finished recording
[speech] Not found
[main] Recognizing...
[record] Recording
[record] Finished recording
[speech] Not found
[main] Recognizing...
[record] Recording
[record] Finished recording
[speech] Not found
[main] Recognizing...
[record] Recording
[record] Finished recording
[speech] Not found
[main] Recognizing...
[record] Recording
[record] Finished recording
[speech] Not found
[main] Recognizing...
[record] Recording
[record] Finished recording
[speech] Not found
[main] Recognizing...
[record] Recording
[record] Finished recording
[speech] Not found
[main] Recognizing...
[record] Recording
[record] Finished recording
[speech] Not found
[main] Recognizing...
[record] Recording
[record] Finished recording
[speech] Not found
[main] Recognizing...
[record] Recording
[record] Finished recording
[speech] Not found
[main] Recognizing...
[record] Recording
[record] Finished recording
[speech] Not found
[main] Recognizing...
[record] Recording
[record] Finished recording
[speech] Not found
[main] Recognizing...
[record] Recording
[record] Finished recording
[speech] Not found
[main] Recognizing...
[record] Recording
[record] Finished recording
[speech] Not found
[main] Recognizing...
[record] Recording
[record] Finished recording
[speech] Not found
[main] Recognizing...
[record] Recording
[record] Finished recording
[speech] Not found
[main] Recognizing...
[record] Recording
[record] Finished recording
[speech] Not found
[main] Recognizing...
[record] Recording
[record] Finished recording
[speech] Not found
[main] Recognizing...
[record] Recording
[record] Finished recording
[speech] Found: right
[main] Result: right
[main] Command found: RIGHT
